2025-11-11 20:08:40,697 - feature_engineering - DEBUG - Data loaded and NaNs filled from ./data/interim/train_processed.csv
2025-11-11 20:08:40,730 - feature_engineering - DEBUG - Data loaded and NaNs filled from ./data/interim/test_processed.csv
2025-11-11 20:08:40,860 - feature_engineering - DEBUG - tfidf applied and data transformed
2025-11-11 20:08:41,045 - feature_engineering - DEBUG - Data saved to ./data\processed\train_tfidf.csv
2025-11-11 20:08:41,092 - feature_engineering - DEBUG - Data saved to ./data\processed\test_tfidf.csv
2025-11-11 22:11:06,575 - feature_engineering - DEBUG - Data loaded and NaNs filled from ./data/interim/train_processed.csv
2025-11-11 22:11:06,577 - feature_engineering - DEBUG - Data loaded and NaNs filled from ./data/interim/test_processed.csv
2025-11-11 22:11:06,611 - feature_engineering - DEBUG - tfidf applied and data transformed
2025-11-11 22:11:06,678 - feature_engineering - DEBUG - Data saved to ./data\processed\train_tfidf.csv
2025-11-11 22:11:06,697 - feature_engineering - DEBUG - Data saved to ./data\processed\test_tfidf.csv
2025-11-11 22:13:16,006 - feature_engineering - DEBUG - Data loaded and NaNs filled from ./data/interim/train_processed.csv
2025-11-11 22:13:16,009 - feature_engineering - DEBUG - Data loaded and NaNs filled from ./data/interim/test_processed.csv
2025-11-11 22:13:16,043 - feature_engineering - DEBUG - tfidf applied and data transformed
2025-11-11 22:13:16,105 - feature_engineering - DEBUG - Data saved to ./data\processed\train_tfidf.csv
2025-11-11 22:13:16,122 - feature_engineering - DEBUG - Data saved to ./data\processed\test_tfidf.csv
2025-11-11 22:36:45,071 - feature_engineering - DEBUG - Parameters retrieved from params.yaml
2025-11-11 22:36:45,076 - feature_engineering - DEBUG - Data loaded and NaNs filled from ./data/interim/train_processed.csv
2025-11-11 22:36:45,079 - feature_engineering - DEBUG - Data loaded and NaNs filled from ./data/interim/test_processed.csv
2025-11-11 22:36:45,110 - feature_engineering - DEBUG - tfidf applied and data transformed
2025-11-11 22:36:45,152 - feature_engineering - DEBUG - Data saved to ./data\processed\train_tfidf.csv
2025-11-11 22:36:45,164 - feature_engineering - DEBUG - Data saved to ./data\processed\test_tfidf.csv
2025-11-11 22:39:08,418 - feature_engineering - DEBUG - Parameters retrieved from params.yaml
2025-11-11 22:39:08,423 - feature_engineering - DEBUG - Data loaded and NaNs filled from ./data/interim/train_processed.csv
2025-11-11 22:39:08,426 - feature_engineering - DEBUG - Data loaded and NaNs filled from ./data/interim/test_processed.csv
2025-11-11 22:39:08,458 - feature_engineering - DEBUG - tfidf applied and data transformed
2025-11-11 22:39:08,503 - feature_engineering - DEBUG - Data saved to ./data\processed\train_tfidf.csv
2025-11-11 22:39:08,530 - feature_engineering - DEBUG - Data saved to ./data\processed\test_tfidf.csv
