2025-11-11 20:20:13,966 - model_building - DEBUG - Data loaded from ./data/processed/train_tfidf.csv with shape (4152, 51)
2025-11-11 20:20:13,971 - model_building - DEBUG - Initializing RandomForest model with parameters: {'n_estimators': 25, 'random_state': 42}
2025-11-11 20:20:13,972 - model_building - DEBUG - Model training started with 4152 samples
2025-11-11 20:20:14,064 - model_building - DEBUG - Model training completed
2025-11-11 20:20:14,068 - model_building - DEBUG - Model saved to models/model.pkl
2025-11-11 22:11:08,323 - model_building - DEBUG - Data loaded from ./data/processed/train_tfidf.csv with shape (4152, 51)
2025-11-11 22:11:08,326 - model_building - DEBUG - Initializing RandomForest model with parameters: {'n_estimators': 25, 'random_state': 42}
2025-11-11 22:11:08,326 - model_building - DEBUG - Model training started with 4152 samples
2025-11-11 22:11:08,414 - model_building - DEBUG - Model training completed
2025-11-11 22:11:08,416 - model_building - DEBUG - Model saved to models/model.pkl
2025-11-11 22:13:17,620 - model_building - DEBUG - Data loaded from ./data/processed/train_tfidf.csv with shape (4152, 51)
2025-11-11 22:13:17,621 - model_building - DEBUG - Initializing RandomForest model with parameters: {'n_estimators': 25, 'random_state': 42}
2025-11-11 22:13:17,621 - model_building - DEBUG - Model training started with 4152 samples
2025-11-11 22:13:17,706 - model_building - DEBUG - Model training completed
2025-11-11 22:13:17,708 - model_building - DEBUG - Model saved to models/model.pkl
2025-11-11 22:36:46,691 - model_building - DEBUG - Parameters retrieved from params.yaml
2025-11-11 22:36:46,700 - model_building - DEBUG - Data loaded from ./data/processed/train_tfidf.csv with shape (4152, 36)
2025-11-11 22:36:46,701 - model_building - DEBUG - Initializing RandomForest model with parameters: {'n_estimators': 22, 'random_state': 2}
2025-11-11 22:36:46,701 - model_building - DEBUG - Model training started with 4152 samples
2025-11-11 22:36:46,760 - model_building - DEBUG - Model training completed
2025-11-11 22:36:46,763 - model_building - DEBUG - Model saved to models/model.pkl
2025-11-11 22:39:10,062 - model_building - DEBUG - Parameters retrieved from params.yaml
2025-11-11 22:39:10,071 - model_building - DEBUG - Data loaded from ./data/processed/train_tfidf.csv with shape (3405, 46)
2025-11-11 22:39:10,072 - model_building - DEBUG - Initializing RandomForest model with parameters: {'n_estimators': 19, 'random_state': 2}
2025-11-11 22:39:10,072 - model_building - DEBUG - Model training started with 3405 samples
2025-11-11 22:39:10,126 - model_building - DEBUG - Model training completed
2025-11-11 22:39:10,129 - model_building - DEBUG - Model saved to models/model.pkl
